14:33:47.904 INFO  INFO @deleteProject : project project 1 deleted at 2019-07-31T07:33:47.904Z 
14:38:03.849 INFO  @deleteProject : project project kedua deleted at 2019-07-31T07:38:03.849Z 
16:20:12.075 ERROR @getUserRole : users is not iterable at 2019-07-31T09:20:12.075Z 
16:21:49.868 ERROR @getUserRole : users is not iterable at 2019-07-31T09:21:49.868Z 
16:27:44.718 INFO  @deleteProject : project kucing deleted at 2019-07-31T09:27:44.718Z 
16:33:02.347 INFO  @deleteProject : project Project BOT MESSAGE deleted at 2019-07-31T09:33:02.346Z 
16:36:18.355 INFO  @deleteProject : project Test 1 deleted at 2019-07-31T09:36:18.354Z 
12:10:39.327 INFO  @editProjectName : project tes edited to ac at 2019-08-01T05:10:39.326Z 
13:10:21.281 ERROR @editProjectDeadline : on set project oldName is not defined at 2019-08-01T06:10:21.281Z 
13:12:45.597 INFO  @editProjectDeadline : project fiq gantent deadline set to Thu Aug 08 2019 00:00:00 GMT+0700 (Indochina Time) at 2019-08-01T06:12:45.597Z 
18:11:45.920 ERROR @exportToExcel : Error: <!DOCTYPE html>
<html lang=en>
  <meta charset=utf-8>
  <meta name=viewport content="initial-scale=1, minimum-scale=1, width=device-width">
  <title>Error 404 (Not Found)!!1</title>
  <style>
    *{margin:0;padding:0}html,code{font:15px/22px arial,sans-serif}html{background:#fff;color:#222;padding:15px}body{margin:7% auto 0;max-width:390px;min-height:180px;padding:30px 0 15px}* > body{background:url(//www.google.com/images/errors/robot.png) 100% 5px no-repeat;padding-right:205px}p{margin:11px 0 22px;overflow:hidden}ins{color:#777;text-decoration:none}a img{border:0}@media screen and (max-width:772px){body{background:none;margin-top:0;max-width:none;padding-right:0}}#logo{background:url(//www.google.com/images/branding/googlelogo/1x/googlelogo_color_150x54dp.png) no-repeat;margin-left:-5px}@media only screen and (min-resolution:192dpi){#logo{background:url(//www.google.com/images/branding/googlelogo/2x/googlelogo_color_150x54dp.png) no-repeat 0% 0%/100% 100%;-moz-border-image:url(//www.google.com/images/branding/googlelogo/2x/googlelogo_color_150x54dp.png) 0}}@media only screen and (-webkit-min-device-pixel-ratio:2){#logo{background:url(//www.google.com/images/branding/googlelogo/2x/googlelogo_color_150x54dp.png) no-repeat;-webkit-background-size:100% 100%}}#logo{display:inline-block;height:54px;width:150px}
  </style>
  <a href=//www.google.com/><span id=logo aria-label=Google></span></a>
  <p><b>404.</b> <ins>That’s an error.</ins>
  <p>The requested URL <code>/v4/spreadsheets/:batchUpdate</code> was not found on this server.  <ins>That’s all we know.</ins>
 at 2019-08-01T11:11:45.920Z 
18:12:36.619 ERROR @exportToExcel : Error: <!DOCTYPE html>
<html lang=en>
  <meta charset=utf-8>
  <meta name=viewport content="initial-scale=1, minimum-scale=1, width=device-width">
  <title>Error 404 (Not Found)!!1</title>
  <style>
    *{margin:0;padding:0}html,code{font:15px/22px arial,sans-serif}html{background:#fff;color:#222;padding:15px}body{margin:7% auto 0;max-width:390px;min-height:180px;padding:30px 0 15px}* > body{background:url(//www.google.com/images/errors/robot.png) 100% 5px no-repeat;padding-right:205px}p{margin:11px 0 22px;overflow:hidden}ins{color:#777;text-decoration:none}a img{border:0}@media screen and (max-width:772px){body{background:none;margin-top:0;max-width:none;padding-right:0}}#logo{background:url(//www.google.com/images/branding/googlelogo/1x/googlelogo_color_150x54dp.png) no-repeat;margin-left:-5px}@media only screen and (min-resolution:192dpi){#logo{background:url(//www.google.com/images/branding/googlelogo/2x/googlelogo_color_150x54dp.png) no-repeat 0% 0%/100% 100%;-moz-border-image:url(//www.google.com/images/branding/googlelogo/2x/googlelogo_color_150x54dp.png) 0}}@media only screen and (-webkit-min-device-pixel-ratio:2){#logo{background:url(//www.google.com/images/branding/googlelogo/2x/googlelogo_color_150x54dp.png) no-repeat;-webkit-background-size:100% 100%}}#logo{display:inline-block;height:54px;width:150px}
  </style>
  <a href=//www.google.com/><span id=logo aria-label=Google></span></a>
  <p><b>404.</b> <ins>That’s an error.</ins>
  <p>The requested URL <code>/v4/spreadsheets/:batchUpdate</code> was not found on this server.  <ins>That’s all we know.</ins>
 at 2019-08-01T11:12:36.619Z 
18:14:00.605 ERROR @exportToExcel : Error: 404 at 2019-08-01T11:14:00.605Z 
18:19:03.739 ERROR @exportToExcel : Error: 404 at 2019-08-01T11:19:03.738Z 
18:33:05.955 ERROR @exportToExcel : Error: Not Found:Spreadsheet URL at 2019-08-01T11:33:05.955Z 
18:47:45.938 ERROR @exportToExcel : Error: Not Found:Spreadsheet ID, Please recheck spreadsheet url. at 2019-08-01T11:47:45.938Z 
18:51:15.962 ERROR @exportToExcel : Error: undefined:Spreadsheet ID, Please recheck spreadsheet url at 2019-08-01T11:51:15.962Z 
18:59:40.344 ERROR @exportToExcel : Error: 400:Spreadsheet ID, Please recheck spreadsheet url at 2019-08-01T11:59:40.343Z 
19:01:14.907 ERROR @exportToExcel : Error: 400:Invalid requests[0].addSheet: A sheet with the name "2019-08-01" already exists. Please enter another name. at 2019-08-01T12:01:14.907Z 
19:03:21.950 ERROR @exportToExcel : Error: 404:<!DOCTYPE html>
<html lang=en>
  <meta charset=utf-8>
  <meta name=viewport content="initial-scale=1, minimum-scale=1, width=device-width">
  <title>Error 404 (Not Found)!!1</title>
  <style>
    *{margin:0;padding:0}html,code{font:15px/22px arial,sans-serif}html{background:#fff;color:#222;padding:15px}body{margin:7% auto 0;max-width:390px;min-height:180px;padding:30px 0 15px}* > body{background:url(//www.google.com/images/errors/robot.png) 100% 5px no-repeat;padding-right:205px}p{margin:11px 0 22px;overflow:hidden}ins{color:#777;text-decoration:none}a img{border:0}@media screen and (max-width:772px){body{background:none;margin-top:0;max-width:none;padding-right:0}}#logo{background:url(//www.google.com/images/branding/googlelogo/1x/googlelogo_color_150x54dp.png) no-repeat;margin-left:-5px}@media only screen and (min-resolution:192dpi){#logo{background:url(//www.google.com/images/branding/googlelogo/2x/googlelogo_color_150x54dp.png) no-repeat 0% 0%/100% 100%;-moz-border-image:url(//www.google.com/images/branding/googlelogo/2x/googlelogo_color_150x54dp.png) 0}}@media only screen and (-webkit-min-device-pixel-ratio:2){#logo{background:url(//www.google.com/images/branding/googlelogo/2x/googlelogo_color_150x54dp.png) no-repeat;-webkit-background-size:100% 100%}}#logo{display:inline-block;height:54px;width:150px}
  </style>
  <a href=//www.google.com/><span id=logo aria-label=Google></span></a>
  <p><b>404.</b> <ins>That’s an error.</ins>
  <p>The requested URL <code>/v4/spreadsheets/:batchUpdate</code> was not found on this server.  <ins>That’s all we know.</ins>
 at 2019-08-01T12:03:21.950Z 
19:08:04.693 ERROR @exportToExcel : Error: 404:<!DOCTYPE html>
<html lang=en>
  <meta charset=utf-8>
  <meta name=viewport content="initial-scale=1, minimum-scale=1, width=device-width">
  <title>Error 404 (Not Found)!!1</title>
  <style>
    *{margin:0;padding:0}html,code{font:15px/22px arial,sans-serif}html{background:#fff;color:#222;padding:15px}body{margin:7% auto 0;max-width:390px;min-height:180px;padding:30px 0 15px}* > body{background:url(//www.google.com/images/errors/robot.png) 100% 5px no-repeat;padding-right:205px}p{margin:11px 0 22px;overflow:hidden}ins{color:#777;text-decoration:none}a img{border:0}@media screen and (max-width:772px){body{background:none;margin-top:0;max-width:none;padding-right:0}}#logo{background:url(//www.google.com/images/branding/googlelogo/1x/googlelogo_color_150x54dp.png) no-repeat;margin-left:-5px}@media only screen and (min-resolution:192dpi){#logo{background:url(//www.google.com/images/branding/googlelogo/2x/googlelogo_color_150x54dp.png) no-repeat 0% 0%/100% 100%;-moz-border-image:url(//www.google.com/images/branding/googlelogo/2x/googlelogo_color_150x54dp.png) 0}}@media only screen and (-webkit-min-device-pixel-ratio:2){#logo{background:url(//www.google.com/images/branding/googlelogo/2x/googlelogo_color_150x54dp.png) no-repeat;-webkit-background-size:100% 100%}}#logo{display:inline-block;height:54px;width:150px}
  </style>
  <a href=//www.google.com/><span id=logo aria-label=Google></span></a>
  <p><b>404.</b> <ins>That’s an error.</ins>
  <p>The requested URL <code>/v4/spreadsheets/:batchUpdate</code> was not found on this server.  <ins>That’s all we know.</ins>
 at 2019-08-01T12:08:04.693Z 
19:09:30.232 ERROR @exportToExcel : Error: 404:<!DOCTYPE html>
<html lang=en>
  <meta charset=utf-8>
  <meta name=viewport content="initial-scale=1, minimum-scale=1, width=device-width">
  <title>Error 404 (Not Found)!!1</title>
  <style>
    *{margin:0;padding:0}html,code{font:15px/22px arial,sans-serif}html{background:#fff;color:#222;padding:15px}body{margin:7% auto 0;max-width:390px;min-height:180px;padding:30px 0 15px}* > body{background:url(//www.google.com/images/errors/robot.png) 100% 5px no-repeat;padding-right:205px}p{margin:11px 0 22px;overflow:hidden}ins{color:#777;text-decoration:none}a img{border:0}@media screen and (max-width:772px){body{background:none;margin-top:0;max-width:none;padding-right:0}}#logo{background:url(//www.google.com/images/branding/googlelogo/1x/googlelogo_color_150x54dp.png) no-repeat;margin-left:-5px}@media only screen and (min-resolution:192dpi){#logo{background:url(//www.google.com/images/branding/googlelogo/2x/googlelogo_color_150x54dp.png) no-repeat 0% 0%/100% 100%;-moz-border-image:url(//www.google.com/images/branding/googlelogo/2x/googlelogo_color_150x54dp.png) 0}}@media only screen and (-webkit-min-device-pixel-ratio:2){#logo{background:url(//www.google.com/images/branding/googlelogo/2x/googlelogo_color_150x54dp.png) no-repeat;-webkit-background-size:100% 100%}}#logo{display:inline-block;height:54px;width:150px}
  </style>
  <a href=//www.google.com/><span id=logo aria-label=Google></span></a>
  <p><b>404.</b> <ins>That’s an error.</ins>
  <p>The requested URL <code>/v4/spreadsheets/:batchUpdate</code> was not found on this server.  <ins>That’s all we know.</ins>
 at 2019-08-01T12:09:30.232Z 
19:11:37.721 ERROR @exportToExcel : Error: 404:Spreadsheet id, check settings at 2019-08-01T12:11:37.721Z 
19:13:16.488 ERROR @exportToExcel : Error: Not Found:Spreadsheet id, check settings at 2019-08-01T12:13:16.488Z 
